{
  "stats": {
    "suites": 1,
    "tests": 1,
    "passes": 1,
    "pending": 0,
    "failures": 0,
    "start": "2024-10-04T00:29:22.803Z",
    "end": "2024-10-04T00:29:40.339Z",
    "duration": 17536,
    "testsRegistered": 1,
    "passPercent": 100,
    "pendingPercent": 0,
    "other": 0,
    "hasOther": false,
    "skipped": 0,
    "hasSkipped": false
  },
  "results": [
    {
      "uuid": "0bc891c1-1e51-492e-9f17-c90af9a090a7",
      "title": "",
      "fullFile": "cypress/integration/tests/productTest.spec.js",
      "file": "cypress/integration/tests/productTest.spec.js",
      "beforeHooks": [],
      "afterHooks": [],
      "tests": [],
      "suites": [
        {
          "uuid": "fa82a71e-62a4-401b-9c2e-7a6968b06f52",
          "title": "E-commerce Product Flow",
          "fullFile": "",
          "file": "",
          "beforeHooks": [],
          "afterHooks": [],
          "tests": [
            {
              "title": "should select a product and complete checkout",
              "fullTitle": "E-commerce Product Flow should select a product and complete checkout",
              "timedOut": null,
              "duration": 17461,
              "state": "passed",
              "speed": "slow",
              "pass": true,
              "fail": false,
              "pending": false,
              "context": null,
              "code": "const randomQuantity = Math.floor(Math.random() * 20) + 1;\n// Navigate to website and go to products section\n_homePage.homePage.visit();\n_homePage.homePage.goToProducts();\n// Choose third product and view details\n_productPage.productPage.chooseProduct();\n// Enter random quantity and add to cart\n_productPage.productPage.enterQuantity(randomQuantity);\n_productPage.productPage.addToCart();\n// Proceed to checkout\n_productPage.productPage.proceedToCheckout();\n// // // Optional: Register new user and confirm order\n_checkoutPage.checkoutPage.registerUser(_faker.faker);\n// Log out\n_checkoutPage.checkoutPage.logOut();",
              "err": {},
              "uuid": "99a2d933-d69a-45d3-afa0-c269cef67cbe",
              "parentUUID": "fa82a71e-62a4-401b-9c2e-7a6968b06f52",
              "isHook": false,
              "skipped": false
            }
          ],
          "suites": [],
          "passes": [
            "99a2d933-d69a-45d3-afa0-c269cef67cbe"
          ],
          "failures": [],
          "pending": [],
          "skipped": [],
          "duration": 17461,
          "root": false,
          "rootEmpty": false,
          "_timeout": 2000
        }
      ],
      "passes": [],
      "failures": [],
      "pending": [],
      "skipped": [],
      "duration": 0,
      "root": true,
      "rootEmpty": true,
      "_timeout": 2000
    }
  ],
  "meta": {
    "mocha": {
      "version": "7.0.1"
    },
    "mochawesome": {
      "options": {
        "quiet": false,
        "reportFilename": "mochawesome",
        "saveHtml": true,
        "saveJson": true,
        "consoleReporter": "spec",
        "useInlineDiffs": false,
        "code": true
      },
      "version": "7.1.3"
    },
    "marge": {
      "options": {
        "reportDir": "mochawesome-report"
      },
      "version": "6.2.0"
    }
  }
}